<?xml version="1.0" encoding="UTF-8"?>
<coverage generated="1569614857899" clover="3.2.0">
  <project timestamp="1569614857899" name="All files">
    <metrics statements="21" coveredstatements="21" conditionals="4" coveredconditionals="4" methods="12" coveredmethods="12" elements="37" coveredelements="37" complexity="0" loc="21" ncloc="21" packages="1" files="1" classes="1">
      <file name="data.js" path="/home/mariana/dev/Laboratoria/SAP003-data-lovers/src/data.js">
        <metrics statements="21" coveredstatements="21" conditionals="4" coveredconditionals="4" methods="12" coveredmethods="12"/>
        <line num="1" count="1" type="stmt"/>
        <line num="2" count="3" type="stmt"/>
        <line num="11" count="1" type="stmt"/>
        <line num="12" count="1" type="stmt"/>
        <line num="15" count="1" type="stmt"/>
        <line num="16" count="4" type="stmt"/>
        <line num="19" count="1" type="stmt"/>
        <line num="20" count="1" type="stmt"/>
        <line num="23" count="1" type="stmt"/>
        <line num="24" count="1" type="stmt"/>
        <line num="25" count="5" type="stmt"/>
        <line num="26" count="1" type="stmt"/>
        <line num="29" count="1" type="stmt"/>
        <line num="30" count="1" type="stmt"/>
        <line num="31" count="7" type="cond" truecount="2" falsecount="0"/>
        <line num="32" count="4" type="cond" truecount="2" falsecount="0"/>
        <line num="33" count="1" type="stmt"/>
        <line num="37" count="1" type="stmt"/>
        <line num="38" count="1" type="stmt"/>
        <line num="39" count="4" type="stmt"/>
        <line num="43" count="1" type="stmt"/>
      </file>
    </metrics>
  </project>
</coverage>
