{"/home/mariana/dev/Laboratoria/SAP003-data-lovers/src/data.js": {"path":"/home/mariana/dev/Laboratoria/SAP003-data-lovers/src/data.js","statementMap":{"0":{"start":{"line":1,"column":19},"end":{"line":9,"column":1}},"1":{"start":{"line":2,"column":2},"end":{"line":8,"column":4}},"2":{"start":{"line":11,"column":16},"end":{"line":13,"column":1}},"3":{"start":{"line":12,"column":2},"end":{"line":12,"column":41}},"4":{"start":{"line":12,"column":24},"end":{"line":12,"column":39}},"5":{"start":{"line":15,"column":15},"end":{"line":17,"column":1}},"6":{"start":{"line":16,"column":2},"end":{"line":16,"column":55}},"7":{"start":{"line":16,"column":28},"end":{"line":16,"column":53}},"8":{"start":{"line":19,"column":22},"end":{"line":21,"column":1}},"9":{"start":{"line":20,"column":2},"end":{"line":20,"column":42}},"10":{"start":{"line":23,"column":25},"end":{"line":27,"column":1}},"11":{"start":{"line":24,"column":14},"end":{"line":24,"column":23}},"12":{"start":{"line":25,"column":2},"end":{"line":25,"column":44}},"13":{"start":{"line":25,"column":18},"end":{"line":25,"column":42}},"14":{"start":{"line":26,"column":2},"end":{"line":26,"column":32}},"15":{"start":{"line":29,"column":26},"end":{"line":35,"column":1}},"16":{"start":{"line":30,"column":2},"end":{"line":34,"column":5}},"17":{"start":{"line":31,"column":4},"end":{"line":31,"column":35}},"18":{"start":{"line":31,"column":25},"end":{"line":31,"column":35}},"19":{"start":{"line":32,"column":4},"end":{"line":32,"column":34}},"20":{"start":{"line":32,"column":25},"end":{"line":32,"column":34}},"21":{"start":{"line":33,"column":4},"end":{"line":33,"column":13}},"22":{"start":{"line":37,"column":19},"end":{"line":41,"column":1}},"23":{"start":{"line":38,"column":2},"end":{"line":40,"column":5}},"24":{"start":{"line":39,"column":4},"end":{"line":39,"column":65}},"25":{"start":{"line":43,"column":0},"end":{"line":51,"column":2}}},"fnMap":{"0":{"name":"(anonymous_0)","decl":{"start":{"line":1,"column":19},"end":{"line":1,"column":20}},"loc":{"start":{"line":1,"column":28},"end":{"line":9,"column":1}},"line":1},"1":{"name":"(anonymous_1)","decl":{"start":{"line":11,"column":16},"end":{"line":11,"column":17}},"loc":{"start":{"line":11,"column":25},"end":{"line":13,"column":1}},"line":11},"2":{"name":"(anonymous_2)","decl":{"start":{"line":12,"column":17},"end":{"line":12,"column":18}},"loc":{"start":{"line":12,"column":24},"end":{"line":12,"column":39}},"line":12},"3":{"name":"(anonymous_3)","decl":{"start":{"line":15,"column":15},"end":{"line":15,"column":16}},"loc":{"start":{"line":15,"column":41},"end":{"line":17,"column":1}},"line":15},"4":{"name":"(anonymous_4)","decl":{"start":{"line":16,"column":20},"end":{"line":16,"column":21}},"loc":{"start":{"line":16,"column":28},"end":{"line":16,"column":53}},"line":16},"5":{"name":"(anonymous_5)","decl":{"start":{"line":19,"column":22},"end":{"line":19,"column":23}},"loc":{"start":{"line":19,"column":37},"end":{"line":21,"column":1}},"line":19},"6":{"name":"(anonymous_6)","decl":{"start":{"line":23,"column":25},"end":{"line":23,"column":26}},"loc":{"start":{"line":23,"column":45},"end":{"line":27,"column":1}},"line":23},"7":{"name":"(anonymous_7)","decl":{"start":{"line":25,"column":10},"end":{"line":25,"column":11}},"loc":{"start":{"line":25,"column":18},"end":{"line":25,"column":42}},"line":25},"8":{"name":"(anonymous_8)","decl":{"start":{"line":29,"column":26},"end":{"line":29,"column":27}},"loc":{"start":{"line":29,"column":33},"end":{"line":35,"column":1}},"line":29},"9":{"name":"(anonymous_9)","decl":{"start":{"line":30,"column":18},"end":{"line":30,"column":19}},"loc":{"start":{"line":30,"column":28},"end":{"line":34,"column":3}},"line":30},"10":{"name":"(anonymous_10)","decl":{"start":{"line":37,"column":19},"end":{"line":37,"column":20}},"loc":{"start":{"line":37,"column":35},"end":{"line":41,"column":1}},"line":37},"11":{"name":"(anonymous_11)","decl":{"start":{"line":38,"column":20},"end":{"line":38,"column":21}},"loc":{"start":{"line":38,"column":28},"end":{"line":40,"column":3}},"line":38}},"branchMap":{"0":{"loc":{"start":{"line":31,"column":4},"end":{"line":31,"column":35}},"type":"if","locations":[{"start":{"line":31,"column":4},"end":{"line":31,"column":35}},{"start":{"line":31,"column":4},"end":{"line":31,"column":35}}],"line":31},"1":{"loc":{"start":{"line":32,"column":4},"end":{"line":32,"column":34}},"type":"if","locations":[{"start":{"line":32,"column":4},"end":{"line":32,"column":34}},{"start":{"line":32,"column":4},"end":{"line":32,"column":34}}],"line":32}},"s":{"0":1,"1":3,"2":1,"3":1,"4":1,"5":1,"6":2,"7":4,"8":1,"9":1,"10":1,"11":1,"12":1,"13":5,"14":1,"15":1,"16":1,"17":7,"18":3,"19":4,"20":3,"21":1,"22":1,"23":1,"24":4,"25":1},"f":{"0":3,"1":1,"2":1,"3":2,"4":4,"5":1,"6":1,"7":5,"8":1,"9":7,"10":1,"11":4},"b":{"0":[3,4],"1":[3,1]},"_coverageSchema":"332fd63041d2c1bcb487cc26dd0d5f7d97098a6c","hash":"5a6f3c9c7bb00029e3479b7b491b3a66e041743d"}
}
