{"/home/mariana/dev/Laboratoria/SAP003-data-lovers/src/data.js": {"path":"/home/mariana/dev/Laboratoria/SAP003-data-lovers/src/data.js","statementMap":{"0":{"start":{"line":1,"column":19},"end":{"line":9,"column":1}},"1":{"start":{"line":2,"column":2},"end":{"line":8,"column":4}},"2":{"start":{"line":11,"column":16},"end":{"line":13,"column":1}},"3":{"start":{"line":12,"column":2},"end":{"line":12,"column":41}},"4":{"start":{"line":12,"column":24},"end":{"line":12,"column":39}},"5":{"start":{"line":15,"column":15},"end":{"line":19,"column":1}},"6":{"start":{"line":16,"column":2},"end":{"line":18,"column":5}},"7":{"start":{"line":17,"column":4},"end":{"line":17,"column":37}},"8":{"start":{"line":21,"column":22},"end":{"line":24,"column":1}},"9":{"start":{"line":22,"column":19},"end":{"line":22,"column":51}},"10":{"start":{"line":23,"column":2},"end":{"line":23,"column":20}},"11":{"start":{"line":26,"column":23},"end":{"line":36,"column":1}},"12":{"start":{"line":27,"column":15},"end":{"line":27,"column":17}},"13":{"start":{"line":28,"column":2},"end":{"line":34,"column":5}},"14":{"start":{"line":29,"column":4},"end":{"line":33,"column":5}},"15":{"start":{"line":30,"column":6},"end":{"line":30,"column":33}},"16":{"start":{"line":32,"column":6},"end":{"line":32,"column":19}},"17":{"start":{"line":35,"column":2},"end":{"line":35,"column":21}},"18":{"start":{"line":38,"column":26},"end":{"line":44,"column":1}},"19":{"start":{"line":39,"column":2},"end":{"line":43,"column":5}},"20":{"start":{"line":40,"column":4},"end":{"line":40,"column":35}},"21":{"start":{"line":40,"column":25},"end":{"line":40,"column":35}},"22":{"start":{"line":41,"column":4},"end":{"line":41,"column":34}},"23":{"start":{"line":41,"column":25},"end":{"line":41,"column":34}},"24":{"start":{"line":42,"column":4},"end":{"line":42,"column":13}},"25":{"start":{"line":46,"column":19},"end":{"line":50,"column":1}},"26":{"start":{"line":47,"column":2},"end":{"line":49,"column":5}},"27":{"start":{"line":48,"column":4},"end":{"line":48,"column":65}},"28":{"start":{"line":52,"column":0},"end":{"line":60,"column":2}}},"fnMap":{"0":{"name":"(anonymous_0)","decl":{"start":{"line":1,"column":19},"end":{"line":1,"column":20}},"loc":{"start":{"line":1,"column":28},"end":{"line":9,"column":1}},"line":1},"1":{"name":"(anonymous_1)","decl":{"start":{"line":11,"column":16},"end":{"line":11,"column":17}},"loc":{"start":{"line":11,"column":25},"end":{"line":13,"column":1}},"line":11},"2":{"name":"(anonymous_2)","decl":{"start":{"line":12,"column":17},"end":{"line":12,"column":18}},"loc":{"start":{"line":12,"column":24},"end":{"line":12,"column":39}},"line":12},"3":{"name":"(anonymous_3)","decl":{"start":{"line":15,"column":15},"end":{"line":15,"column":16}},"loc":{"start":{"line":15,"column":41},"end":{"line":19,"column":1}},"line":15},"4":{"name":"(anonymous_4)","decl":{"start":{"line":16,"column":20},"end":{"line":16,"column":21}},"loc":{"start":{"line":16,"column":28},"end":{"line":18,"column":3}},"line":16},"5":{"name":"(anonymous_5)","decl":{"start":{"line":21,"column":22},"end":{"line":21,"column":23}},"loc":{"start":{"line":21,"column":37},"end":{"line":24,"column":1}},"line":21},"6":{"name":"(anonymous_6)","decl":{"start":{"line":26,"column":23},"end":{"line":26,"column":24}},"loc":{"start":{"line":26,"column":43},"end":{"line":36,"column":1}},"line":26},"7":{"name":"(anonymous_7)","decl":{"start":{"line":28,"column":10},"end":{"line":28,"column":11}},"loc":{"start":{"line":28,"column":18},"end":{"line":34,"column":3}},"line":28},"8":{"name":"(anonymous_8)","decl":{"start":{"line":38,"column":26},"end":{"line":38,"column":27}},"loc":{"start":{"line":38,"column":33},"end":{"line":44,"column":1}},"line":38},"9":{"name":"(anonymous_9)","decl":{"start":{"line":39,"column":18},"end":{"line":39,"column":19}},"loc":{"start":{"line":39,"column":28},"end":{"line":43,"column":3}},"line":39},"10":{"name":"(anonymous_10)","decl":{"start":{"line":46,"column":19},"end":{"line":46,"column":20}},"loc":{"start":{"line":46,"column":35},"end":{"line":50,"column":1}},"line":46},"11":{"name":"(anonymous_11)","decl":{"start":{"line":47,"column":20},"end":{"line":47,"column":21}},"loc":{"start":{"line":47,"column":28},"end":{"line":49,"column":3}},"line":47}},"branchMap":{"0":{"loc":{"start":{"line":29,"column":4},"end":{"line":33,"column":5}},"type":"if","locations":[{"start":{"line":29,"column":4},"end":{"line":33,"column":5}},{"start":{"line":29,"column":4},"end":{"line":33,"column":5}}],"line":29},"1":{"loc":{"start":{"line":40,"column":4},"end":{"line":40,"column":35}},"type":"if","locations":[{"start":{"line":40,"column":4},"end":{"line":40,"column":35}},{"start":{"line":40,"column":4},"end":{"line":40,"column":35}}],"line":40},"2":{"loc":{"start":{"line":41,"column":4},"end":{"line":41,"column":34}},"type":"if","locations":[{"start":{"line":41,"column":4},"end":{"line":41,"column":34}},{"start":{"line":41,"column":4},"end":{"line":41,"column":34}}],"line":41}},"s":{"0":1,"1":3,"2":1,"3":1,"4":1,"5":1,"6":2,"7":4,"8":1,"9":1,"10":1,"11":1,"12":1,"13":1,"14":5,"15":3,"16":2,"17":1,"18":1,"19":1,"20":7,"21":3,"22":4,"23":3,"24":1,"25":1,"26":1,"27":4,"28":1},"f":{"0":3,"1":1,"2":1,"3":2,"4":4,"5":1,"6":1,"7":5,"8":1,"9":7,"10":1,"11":4},"b":{"0":[3,2],"1":[3,4],"2":[3,1]},"_coverageSchema":"332fd63041d2c1bcb487cc26dd0d5f7d97098a6c","hash":"213b8d3ad5e8386c520d1469c19841ae0fff9a06"}
}
