TN:
SF:/home/thamires/Desktop/SAP003-data-lovers/src/data.js
FN:1,(anonymous_0)
FN:11,(anonymous_1)
FN:12,(anonymous_2)
FN:15,(anonymous_3)
FN:16,(anonymous_4)
FN:21,(anonymous_5)
FN:27,(anonymous_6)
FN:28,(anonymous_7)
FN:35,(anonymous_8)
FN:36,(anonymous_9)
FNF:10
FNH:10
FNDA:3,(anonymous_0)
FNDA:1,(anonymous_1)
FNDA:1,(anonymous_2)
FNDA:2,(anonymous_3)
FNDA:4,(anonymous_4)
FNDA:1,(anonymous_5)
FNDA:1,(anonymous_6)
FNDA:7,(anonymous_7)
FNDA:1,(anonymous_8)
FNDA:4,(anonymous_9)
DA:1,1
DA:2,3
DA:11,1
DA:12,1
DA:15,1
DA:16,2
DA:17,4
DA:21,1
DA:22,1
DA:23,1
DA:24,1
DA:27,1
DA:28,1
DA:29,7
DA:30,6
DA:31,1
DA:35,1
DA:36,1
DA:37,4
DA:41,1
LF:20
LH:20
BRDA:29,0,0,1
BRDA:29,0,1,6
BRDA:30,1,0,5
BRDA:30,1,1,1
BRF:4
BRH:4
end_of_record
