TN:
SF:/home/mariana/dev/Laboratoria/SAP003-data-lovers/src/data.js
FN:1,(anonymous_0)
FN:11,(anonymous_1)
FN:12,(anonymous_2)
FN:15,(anonymous_3)
FN:16,(anonymous_4)
FN:21,(anonymous_5)
FN:27,(anonymous_6)
FN:29,(anonymous_7)
FN:39,(anonymous_8)
FN:40,(anonymous_9)
FN:47,(anonymous_10)
FN:48,(anonymous_11)
FNF:12
FNH:12
FNDA:3,(anonymous_0)
FNDA:1,(anonymous_1)
FNDA:1,(anonymous_2)
FNDA:2,(anonymous_3)
FNDA:4,(anonymous_4)
FNDA:1,(anonymous_5)
FNDA:1,(anonymous_6)
FNDA:5,(anonymous_7)
FNDA:1,(anonymous_8)
FNDA:7,(anonymous_9)
FNDA:1,(anonymous_10)
FNDA:4,(anonymous_11)
DA:1,1
DA:2,3
DA:11,1
DA:12,1
DA:15,1
DA:16,2
DA:17,4
DA:21,1
DA:22,1
DA:23,1
DA:24,1
DA:27,1
DA:28,1
DA:29,1
DA:30,5
DA:31,3
DA:33,2
DA:36,1
DA:39,1
DA:40,1
DA:41,7
DA:42,4
DA:43,1
DA:47,1
DA:48,1
DA:49,4
DA:53,1
LF:27
LH:27
BRDA:30,0,0,3
BRDA:30,0,1,2
BRDA:41,1,0,3
BRDA:41,1,1,4
BRDA:42,2,0,3
BRDA:42,2,1,1
BRF:6
BRH:6
end_of_record
